2026-06-05 14:40:06 [error]: Test "Signin with valid credentials" failed: Login succeeded but did not navigate to Insurer Management page

[2mexpect([22m[31mreceived[39m[2m).[22mtoContain[2m([22m[32mexpected[39m[2m) // indexOf[22m

Expected substring: [32m"Insurer Management11"[39m
Received string:    [31m"- Incedo.Insurer Management"[39m
2026-06-05 14:44:16 [error]: Test "Verifying Create Insurer Functionality" failed: [2mexpect([22m[31mlocator[39m[2m).[22mtoContainText[2m([22m[32mexpected[39m[2m)[22m failed

Locator: getByTitle('Selected Insurer')
Expected substring: [32m"John"[39m
Timeout: 5000ms
Error: element(s) not found

Call log:
[2m  - Expect "toContainText" with timeout 5000ms[22m
[2m  - waiting for getByTitle('Selected Insurer')[22m

2026-06-05 14:55:19 [error]: Test "Verifying Create Insurer Functionality" failed: locator.click: Timeout 60000ms exceeded.
Call log:
[2m  - waiting for locator('id=btnAddContact')[22m
[2m    - locator resolved to <button title="Add" type="button" id="btnAddContact" class="btn btn-info btn-sm addbtn">…</button>[22m
[2m  - attempting click action[22m
[2m    - waiting for element to be visible, enabled and stable[22m
[2m    - element is visible, enabled and stable[22m
[2m    - scrolling into view if needed[22m
[2m    - done scrolling[22m
[2m    - <div class="modal-footer">…</div> from <div id="modals" b-5q2l7n5lhz="">…</div> subtree intercepts pointer events[22m
[2m  - retrying click action[22m
[2m    - waiting for element to be visible, enabled and stable[22m
[2m    - element is visible, enabled and stable[22m
[2m    - scrolling into view if needed[22m
[2m    - done scrolling[22m
[2m    - <div tabindex="-1" role="dialog" aria-modal="true" id="md_dialogWarning" data-bs-keyboard="false" data-bs-backdrop="static" class="modal modal-fade-in-scale show">…</div> from <div id="modals" b-5q2l7n5lhz="">…</div> subtree intercepts pointer events[22m
[2m  - retrying click action[22m
[2m    - waiting 20ms[22m
[2m    - waiting for element to be visible, enabled and stable[22m
[2m    - element is visible, enabled and stable[22m
[2m    - scrolling into view if needed[22m
[2m    - done scrolling[22m
[2m    - <div class="modal-footer">…</div> from <div id="modals" b-5q2l7n5lhz="">…</div> subtree intercepts pointer events[22m
[2m  - retrying click action[22m
[2m    - waiting 100ms[22m
[2m    - waiting for element to be visible, enabled and stable[22m
[2m    - element is not stable[22m
[2m  - retrying click action[22m
[2m    - waiting 100ms[22m
[2m    - waiting for element to be visible, enabled and stable[22m
[2m    - element is visible, enabled and stable[22m
[2m    - scrolling into view if needed[22m
[2m    - done scrolling[22m
[2m    - <ul class="warning">…</ul> from <div id="modals" b-5q2l7n5lhz="">…</div> subtree intercepts pointer events[22m
[2m  27 × retrying click action[22m
[2m       - waiting 500ms[22m
[2m       - waiting for element to be visible, enabled and stable[22m
[2m       - element is visible, enabled and stable[22m
[2m       - scrolling into view if needed[22m
[2m       - done scrolling[22m
[2m       - <div tabindex="-1" role="dialog" aria-modal="true" id="md_dialogWarning" data-bs-keyboard="false" data-bs-backdrop="static" class="modal modal-fade-in-scale show">…</div> from <div id="modals" b-5q2l7n5lhz="">…</div> subtree intercepts pointer events[22m
[2m     - retrying click action[22m
[2m       - waiting 500ms[22m
[2m       - waiting for element to be visible, enabled and stable[22m
[2m       - element is visible, enabled and stable[22m
[2m       - scrolling into view if needed[22m
[2m       - done scrolling[22m
[2m       - <div class="modal-footer">…</div> from <div id="modals" b-5q2l7n5lhz="">…</div> subtree intercepts pointer events[22m
[2m     - retrying click action[22m
[2m       - waiting 500ms[22m
[2m       - waiting for element to be visible, enabled and stable[22m
[2m       - element is visible, enabled and stable[22m
[2m       - scrolling into view if needed[22m
[2m       - done scrolling[22m
[2m       - <div tabindex="-1" role="dialog" aria-modal="true" id="md_dialogWarning" data-bs-keyboard="false" data-bs-backdrop="static" class="modal modal-fade-in-scale show">…</div> from <div id="modals" b-5q2l7n5lhz="">…</div> subtree intercepts pointer events[22m
[2m     - retrying click action[22m
[2m       - waiting 500ms[22m
[2m       - waiting for element to be visible, enabled and stable[22m
[2m       - element is visible, enabled and stable[22m
[2m       - scrolling into view if needed[22m
[2m       - done scrolling[22m
[2m       - <div tabindex="-1" role="dialog" aria-modal="true" id="md_dialogWarning" data-bs-keyboard="false" data-bs-backdrop="static" class="modal modal-fade-in-scale show">…</div> from <div id="modals" b-5q2l7n5lhz="">…</div> subtree intercepts pointer events[22m
[2m  - retrying click action[22m
[2m    - waiting 500ms[22m

2026-06-05 14:58:28 [error]: Test "Verifying Create Insurer Functionality" failed: [2mexpect([22m[31mlocator[39m[2m).[22mtoHaveValue[2m([22m[32mexpected[39m[2m)[22m failed

Locator:  locator('id=txt_PL_Zip')
Expected: [32m"99928"[39m
Received: [31m"99928[7m____           [27m"[39m
Timeout:  5000ms

Call log:
[2m  - Expect "toHaveValue" with timeout 5000ms[22m
[2m  - waiting for locator('id=txt_PL_Zip')[22m
[2m    2 × locator resolved to <input type="text" maxlength="10" id="txt_PL_Zip" autocomplete="off" data-val-required="Please Enter Zip Code" class="InputZip form-control form-control-sm border-danger ui-autocomplete-input focus.inputmask"/>[22m
[2m      - unexpected value "99928____           "[22m
[2m    12 × locator resolved to <input type="text" maxlength="10" id="txt_PL_Zip" autocomplete="off" data-val-required="Please Enter Zip Code" class="InputZip form-control form-control-sm border-danger ui-autocomplete-input focus.inputmask ui-autocomplete-loading"/>[22m
[2m       - unexpected value "99928____           "[22m

